<?xml version="1.0" encoding="UTF-8"?>
<!-- Generated by org.testng.reporters.JUnitXMLReporter -->
<testsuite ignored="10" hostname="DESKTOP-77BS3L0" failures="0" tests="13" name="GSD Regression Test" time="39.294" errors="0" timestamp="04 Jul 2022 07:16:36 GMT">
  <testcase classname="testScenarios.LiveSupportGSD" name="enterSearchBox" time="0.429"/>
  <testcase classname="testScenarios.LiveSupportGSD" name="clickSearchBox" time="0.31"/>
  <testcase classname="testScenarios.LiveSupportGSD" name="clickResult" time="0.94"/>
  <testcase classname="testScenarios.LiveSupportGSD" name="switchWindowHandle" time="2.879"/>
  <testcase classname="testScenarios.LiveSupportGSD" name="switchIFrame" time="30.2"/>
  <testcase classname="testScenarios.LiveSupportGSD" name="clickCountryMenu" time="0.329"/>
  <testcase classname="testScenarios.LiveSupportGSD" name="clickCountry" time="3.3"/>
  <testcase classname="testScenarios.LiveSupportGSD" name="getHeadersOfServices" time="0.053"/>
  <testcase classname="testScenarios.LiveSupportGSD" name="getFirstServiceList" time="0.085"/>
  <testcase classname="testScenarios.LiveSupportGSD" name="getSecondServiceList" time="0.075"/>
  <testcase classname="testScenarios.LiveSupportGSD" name="getThirdServiceList" time="0.083"/>
  <testcase classname="testScenarios.LiveSupportGSD" name="getFourthServiceList" time="0.148"/>
  <testcase classname="testScenarios.LiveSupportGSD" name="logGSDServices" time="0.023"/>
  <testcase classname="testScenarios.LiveSupportGSD" name="enterEmail" time="0.0">
    <ignored/>
  </testcase> <!-- enterEmail -->
  <testcase classname="testScenarios.LiveSupportGSD" name="testCaseReadExcel" time="0.0">
    <ignored/>
  </testcase> <!-- testCaseReadExcel -->
  <testcase classname="testScenarios.LiveSupportGSD" name="clickNext" time="0.0">
    <ignored/>
  </testcase> <!-- clickNext -->
  <testcase classname="testScenarios.LiveSupportGSD" name="clickVerify" time="0.0">
    <ignored/>
  </testcase> <!-- clickVerify -->
  <testcase classname="testScenarios.LiveSupportGSD" name="enterOTP" time="0.0">
    <ignored/>
  </testcase> <!-- enterOTP -->
  <testcase classname="testScenarios.LiveSupportGSD" name="clickStaySignedIn" time="0.0">
    <ignored/>
  </testcase> <!-- clickStaySignedIn -->
  <testcase classname="testScenarios.LiveSupportGSD" name="getUserInfo" time="0.0">
    <ignored/>
  </testcase> <!-- getUserInfo -->
  <testcase classname="testScenarios.LiveSupportGSD" name="enterPassword" time="0.0">
    <ignored/>
  </testcase> <!-- enterPassword -->
  <testcase classname="testScenarios.LiveSupportGSD" name="clickSignIn" time="0.0">
    <ignored/>
  </testcase> <!-- clickSignIn -->
  <testcase classname="testScenarios.LiveSupportGSD" name="verificationMethod" time="0.0">
    <ignored/>
  </testcase> <!-- verificationMethod -->
</testsuite> <!-- GSD Regression Test -->
