<?xml version="1.0" encoding="UTF-8"?>
<!-- Generated by org.testng.reporters.JUnitXMLReporter -->
<testsuite ignored="13" hostname="DESKTOP-77BS3L0" failures="0" tests="10" name="Signup Smoke Test" time="27.171" errors="0" timestamp="04 Jul 2022 07:15:57 GMT">
  <testcase classname="testScenarios.LiveSupportGSD" name="testCaseReadExcel" time="1.144"/>
  <testcase classname="testScenarios.LiveSupportGSD" name="enterEmail" time="0.573"/>
  <testcase classname="testScenarios.LiveSupportGSD" name="clickNext" time="0.081"/>
  <testcase classname="testScenarios.LiveSupportGSD" name="enterPassword" time="1.575"/>
  <testcase classname="testScenarios.LiveSupportGSD" name="clickSignIn" time="0.788"/>
  <testcase classname="testScenarios.LiveSupportGSD" name="verificationMethod" time="0.057"/>
  <testcase classname="testScenarios.LiveSupportGSD" name="enterOTP" time="12.337"/>
  <testcase classname="testScenarios.LiveSupportGSD" name="clickVerify" time="0.404"/>
  <testcase classname="testScenarios.LiveSupportGSD" name="clickStaySignedIn" time="7.186"/>
  <testcase classname="testScenarios.LiveSupportGSD" name="getUserInfo" time="0.202"/>
  <testcase classname="testScenarios.LiveSupportGSD" name="enterSearchBox" time="0.0">
    <ignored/>
  </testcase> <!-- enterSearchBox -->
  <testcase classname="testScenarios.LiveSupportGSD" name="clickSearchBox" time="0.0">
    <ignored/>
  </testcase> <!-- clickSearchBox -->
  <testcase classname="testScenarios.LiveSupportGSD" name="switchIFrame" time="0.0">
    <ignored/>
  </testcase> <!-- switchIFrame -->
  <testcase classname="testScenarios.LiveSupportGSD" name="logGSDServices" time="0.0">
    <ignored/>
  </testcase> <!-- logGSDServices -->
  <testcase classname="testScenarios.LiveSupportGSD" name="clickResult" time="0.0">
    <ignored/>
  </testcase> <!-- clickResult -->
  <testcase classname="testScenarios.LiveSupportGSD" name="switchWindowHandle" time="0.0">
    <ignored/>
  </testcase> <!-- switchWindowHandle -->
  <testcase classname="testScenarios.LiveSupportGSD" name="getFourthServiceList" time="0.0">
    <ignored/>
  </testcase> <!-- getFourthServiceList -->
  <testcase classname="testScenarios.LiveSupportGSD" name="clickCountryMenu" time="0.0">
    <ignored/>
  </testcase> <!-- clickCountryMenu -->
  <testcase classname="testScenarios.LiveSupportGSD" name="getFirstServiceList" time="0.0">
    <ignored/>
  </testcase> <!-- getFirstServiceList -->
  <testcase classname="testScenarios.LiveSupportGSD" name="getSecondServiceList" time="0.0">
    <ignored/>
  </testcase> <!-- getSecondServiceList -->
  <testcase classname="testScenarios.LiveSupportGSD" name="getHeadersOfServices" time="0.0">
    <ignored/>
  </testcase> <!-- getHeadersOfServices -->
  <testcase classname="testScenarios.LiveSupportGSD" name="getThirdServiceList" time="0.0">
    <ignored/>
  </testcase> <!-- getThirdServiceList -->
  <testcase classname="testScenarios.LiveSupportGSD" name="clickCountry" time="0.0">
    <ignored/>
  </testcase> <!-- clickCountry -->
</testsuite> <!-- Signup Smoke Test -->
